# JRE version: OpenJDK Runtime Environment (8.0_202-b03) (build 1.8.0_202-release-1483-b03)
# Java VM: OpenJDK 64-Bit Server VM (25.202-b03 mixed mode windows-amd64 compressed oops)
Heap:
 PSYoungGen      total 158720K, used 53149K [0x00000000e0000000, 0x00000000ec000000, 0x0000000100000000)
  eden space 139264K, 26% used [0x00000000e0000000,0x00000000e2449d78,0x00000000e8800000)
  from space 19456K, 82% used [0x00000000e8800000,0x00000000e979da38,0x00000000e9b00000)
  to   space 20480K, 0% used [0x00000000eac00000,0x00000000eac00000,0x00000000ec000000)
 ParOldGen       total 292352K, used 35941K [0x00000000a0000000, 0x00000000b1d80000, 0x00000000e0000000)
  object space 292352K, 12% used [0x00000000a0000000,0x00000000a23196a0,0x00000000b1d80000)
 Metaspace       used 65447K, capacity 67614K, committed 67928K, reserved 1107968K
  class space    used 8769K, capacity 9259K, committed 9344K, reserved 1048576K
GC Heap History (10 events):
Event: 10.371 GC heap before
{Heap before GC invocations=10 (full 2):
 PSYoungGen      total 110592K, used 110562K [0x00000000e0000000, 0x00000000e9800000, 0x0000000100000000)
  eden space 96768K, 100% used [0x00000000e0000000,0x00000000e5e80000,0x00000000e5e80000)
  from space 13824K, 99% used [0x00000000e5e80000,0x00000000e6bf8a38,0x00000000e6c00000)
  to   space 15360K, 0% used [0x00000000e8900000,0x00000000e8900000,0x00000000e9800000)
 ParOldGen       total 193536K, used 18661K [0x00000000a0000000, 0x00000000abd00000, 0x00000000e0000000)
  object space 193536K, 9% used [0x00000000a0000000,0x00000000a1239798,0x00000000abd00000)
 Metaspace       used 51142K, capacity 52594K, committed 52864K, reserved 1095680K
  class space    used 6877K, capacity 7246K, committed 7296K, reserved 1048576K
Event: 10.387 GC heap after
Heap after GC invocations=10 (full 2):
 PSYoungGen      total 138240K, used 15358K [0x00000000e0000000, 0x00000000e9d00000, 0x0000000100000000)
  eden space 122880K, 0% used [0x00000000e0000000,0x00000000e0000000,0x00000000e7800000)
  from space 15360K, 99% used [0x00000000e8900000,0x00000000e97ff9b0,0x00000000e9800000)
  to   space 17408K, 0% used [0x00000000e7800000,0x00000000e7800000,0x00000000e8900000)
 ParOldGen       total 193536K, used 19320K [0x00000000a0000000, 0x00000000abd00000, 0x00000000e0000000)
  object space 193536K, 9% used [0x00000000a0000000,0x00000000a12de178,0x00000000abd00000)
 Metaspace       used 51142K, capacity 52594K, committed 52864K, reserved 1095680K
  class space    used 6877K, capacity 7246K, committed 7296K, reserved 1048576K
}
Event: 12.052 GC heap before
{Heap before GC invocations=11 (full 2):
 PSYoungGen      total 138240K, used 107482K [0x00000000e0000000, 0x00000000e9d00000, 0x0000000100000000)
  eden space 122880K, 74% used [0x00000000e0000000,0x00000000e59f7150,0x00000000e7800000)
  from space 15360K, 99% used [0x00000000e8900000,0x00000000e97ff9b0,0x00000000e9800000)
  to   space 17408K, 0% used [0x00000000e7800000,0x00000000e7800000,0x00000000e8900000)
 ParOldGen       total 193536K, used 19320K [0x00000000a0000000, 0x00000000abd00000, 0x00000000e0000000)
  object space 193536K, 9% used [0x00000000a0000000,0x00000000a12de178,0x00000000abd00000)
 Metaspace       used 57538K, capacity 59072K, committed 59096K, reserved 1099776K
  class space    used 7787K, capacity 8178K, committed 8192K, reserved 1048576K
Event: 12.076 GC heap after
Heap after GC invocations=11 (full 2):
 PSYoungGen      total 140288K, used 17378K [0x00000000e0000000, 0x00000000eb680000, 0x0000000100000000)
  eden space 122880K, 0% used [0x00000000e0000000,0x00000000e0000000,0x00000000e7800000)
  from space 17408K, 99% used [0x00000000e7800000,0x00000000e88f8ac0,0x00000000e8900000)
  to   space 20480K, 0% used [0x00000000ea280000,0x00000000ea280000,0x00000000eb680000)
 ParOldGen       total 193536K, used 22258K [0x00000000a0000000, 0x00000000abd00000, 0x00000000e0000000)
  object space 193536K, 11% used [0x00000000a0000000,0x00000000a15bc8e8,0x00000000abd00000)
 Metaspace       used 57538K, capacity 59072K, committed 59096K, reserved 1099776K
  class space    used 7787K, capacity 8178K, committed 8192K, reserved 1048576K
}
Event: 12.076 GC heap before
{Heap before GC invocations=12 (full 3):
 PSYoungGen      total 140288K, used 17378K [0x00000000e0000000, 0x00000000eb680000, 0x0000000100000000)
  eden space 122880K, 0% used [0x00000000e0000000,0x00000000e0000000,0x00000000e7800000)
  from space 17408K, 99% used [0x00000000e7800000,0x00000000e88f8ac0,0x00000000e8900000)
  to   space 20480K, 0% used [0x00000000ea280000,0x00000000ea280000,0x00000000eb680000)
 ParOldGen       total 193536K, used 22258K [0x00000000a0000000, 0x00000000abd00000, 0x00000000e0000000)
  object space 193536K, 11% used [0x00000000a0000000,0x00000000a15bc8e8,0x00000000abd00000)
 Metaspace       used 57538K, capacity 59072K, committed 59096K, reserved 1099776K
  class space    used 7787K, capacity 8178K, committed 8192K, reserved 1048576K
Event: 12.391 GC heap after
Heap after GC invocations=12 (full 3):
 PSYoungGen      total 140288K, used 0K [0x00000000e0000000, 0x00000000eb680000, 0x0000000100000000)
  eden space 122880K, 0% used [0x00000000e0000000,0x00000000e0000000,0x00000000e7800000)
  from space 17408K, 0% used [0x00000000e7800000,0x00000000e7800000,0x00000000e8900000)
  to   space 20480K, 0% used [0x00000000ea280000,0x00000000ea280000,0x00000000eb680000)
 ParOldGen       total 292352K, used 35925K [0x00000000a0000000, 0x00000000b1d80000, 0x00000000e0000000)
  object space 292352K, 12% used [0x00000000a0000000,0x00000000a23156a0,0x00000000b1d80000)
 Metaspace       used 57538K, capacity 59072K, committed 59096K, reserved 1099776K
  class space    used 7787K, capacity 8178K, committed 8192K, reserved 1048576K
}
Event: 14.953 GC heap before
{Heap before GC invocations=13 (full 3):
 PSYoungGen      total 140288K, used 122880K [0x00000000e0000000, 0x00000000eb680000, 0x0000000100000000)
  eden space 122880K, 100% used [0x00000000e0000000,0x00000000e7800000,0x00000000e7800000)
  from space 17408K, 0% used [0x00000000e7800000,0x00000000e7800000,0x00000000e8900000)
  to   space 20480K, 0% used [0x00000000ea280000,0x00000000ea280000,0x00000000eb680000)
 ParOldGen       total 292352K, used 35925K [0x00000000a0000000, 0x00000000b1d80000, 0x00000000e0000000)
  object space 292352K, 12% used [0x00000000a0000000,0x00000000a23156a0,0x00000000b1d80000)
 Metaspace       used 61539K, capacity 63440K, committed 63576K, reserved 1103872K
  class space    used 8309K, capacity 8730K, committed 8832K, reserved 1048576K
Event: 14.971 GC heap after
Heap after GC invocations=13 (full 3):
 PSYoungGen      total 150528K, used 11547K [0x00000000e0000000, 0x00000000eae00000, 0x0000000100000000)
  eden space 138752K, 0% used [0x00000000e0000000,0x00000000e0000000,0x00000000e8780000)
  from space 11776K, 98% used [0x00000000ea280000,0x00000000eadc6e00,0x00000000eae00000)
  to   space 19456K, 0% used [0x00000000e8800000,0x00000000e8800000,0x00000000e9b00000)
 ParOldGen       total 292352K, used 35933K [0x00000000a0000000, 0x00000000b1d80000, 0x00000000e0000000)
  object space 292352K, 12% used [0x00000000a0000000,0x00000000a23176a0,0x00000000b1d80000)
 Metaspace       used 61539K, capacity 63440K, committed 63576K, reserved 1103872K
  class space    used 8309K, capacity 8730K, committed 8832K, reserved 1048576K
}
Event: 17.337 GC heap before
{Heap before GC invocations=14 (full 3):
 PSYoungGen      total 150528K, used 150299K [0x00000000e0000000, 0x00000000eae00000, 0x0000000100000000)
  eden space 138752K, 100% used [0x00000000e0000000,0x00000000e8780000,0x00000000e8780000)
  from space 11776K, 98% used [0x00000000ea280000,0x00000000eadc6e00,0x00000000eae00000)
  to   space 19456K, 0% used [0x00000000e8800000,0x00000000e8800000,0x00000000e9b00000)
 ParOldGen       total 292352K, used 35933K [0x00000000a0000000, 0x00000000b1d80000, 0x00000000e0000000)
  object space 292352K, 12% used [0x00000000a0000000,0x00000000a23176a0,0x00000000b1d80000)
 Metaspace       used 64515K, capacity 66554K, committed 66776K, reserved 1107968K
  class space    used 8664K, capacity 9127K, committed 9216K, reserved 1048576K
Event: 17.354 GC heap after
Heap after GC invocations=14 (full 3):
 PSYoungGen      total 158720K, used 15990K [0x00000000e0000000, 0x00000000ec000000, 0x0000000100000000)
  eden space 139264K, 0% used [0x00000000e0000000,0x00000000e0000000,0x00000000e8800000)
  from space 19456K, 82% used [0x00000000e8800000,0x00000000e979da38,0x00000000e9b00000)
  to   space 20480K, 0% used [0x00000000eac00000,0x00000000eac00000,0x00000000ec000000)
 ParOldGen       total 292352K, used 35941K [0x00000000a0000000, 0x00000000b1d80000, 0x00000000e0000000)
  object space 292352K, 12% used [0x00000000a0000000,0x00000000a23196a0,0x00000000b1d80000)
 Metaspace       used 64515K, capacity 66554K, committed 66776K, reserved 1107968K
  class space    used 8664K, capacity 9127K, committed 9216K, reserved 1048576K
}

