# JRE version: OpenJDK Runtime Environment (8.0_202-b03) (build 1.8.0_202-release-1483-b03)
# Java VM: OpenJDK 64-Bit Server VM (25.202-b03 mixed mode windows-amd64 compressed oops)
Heap:
 PSYoungGen      total 229888K, used 126188K [0x00000000e0000000, 0x00000000f5100000, 0x0000000100000000)
  eden space 179712K, 42% used [0x00000000e0000000,0x00000000e4a3d128,0x00000000eaf80000)
  from space 50176K, 99% used [0x00000000ef300000,0x00000000f23fe288,0x00000000f2400000)
  to   space 69120K, 0% used [0x00000000eaf80000,0x00000000eaf80000,0x00000000ef300000)
 ParOldGen       total 282624K, used 92272K [0x00000000a0000000, 0x00000000b1400000, 0x00000000e0000000)
  object space 282624K, 32% used [0x00000000a0000000,0x00000000a5a1c380,0x00000000b1400000)
 Metaspace       used 84565K, capacity 88640K, committed 88792K, reserved 1126400K
  class space    used 11172K, capacity 11982K, committed 12032K, reserved 1048576K
GC Heap History (10 events):
Event: 221.111 GC heap before
{Heap before GC invocations=17 (full 3):
 PSYoungGen      total 192512K, used 192494K [0x00000000e0000000, 0x00000000ef980000, 0x0000000100000000)
  eden space 161792K, 100% used [0x00000000e0000000,0x00000000e9e00000,0x00000000e9e00000)
  from space 30720K, 99% used [0x00000000e9e00000,0x00000000ebbfb9c0,0x00000000ebc00000)
  to   space 36864K, 0% used [0x00000000ed580000,0x00000000ed580000,0x00000000ef980000)
 ParOldGen       total 282624K, used 53677K [0x00000000a0000000, 0x00000000b1400000, 0x00000000e0000000)
  object space 282624K, 18% used [0x00000000a0000000,0x00000000a346b5d0,0x00000000b1400000)
 Metaspace       used 75041K, capacity 78416K, committed 78680K, reserved 1118208K
  class space    used 9916K, capacity 10594K, committed 10624K, reserved 1048576K
Event: 221.179 GC heap after
Heap after GC invocations=17 (full 3):
 PSYoungGen      total 214528K, used 28503K [0x00000000e0000000, 0x00000000ef980000, 0x0000000100000000)
  eden space 177664K, 0% used [0x00000000e0000000,0x00000000e0000000,0x00000000ead80000)
  from space 36864K, 77% used [0x00000000ed580000,0x00000000ef155da0,0x00000000ef980000)
  to   space 38912K, 0% used [0x00000000ead80000,0x00000000ead80000,0x00000000ed380000)
 ParOldGen       total 282624K, used 60981K [0x00000000a0000000, 0x00000000b1400000, 0x00000000e0000000)
  object space 282624K, 21% used [0x00000000a0000000,0x00000000a3b8d650,0x00000000b1400000)
 Metaspace       used 75041K, capacity 78416K, committed 78680K, reserved 1118208K
  class space    used 9916K, capacity 10594K, committed 10624K, reserved 1048576K
}
Event: 250.018 GC heap before
{Heap before GC invocations=18 (full 3):
 PSYoungGen      total 214528K, used 206167K [0x00000000e0000000, 0x00000000ef980000, 0x0000000100000000)
  eden space 177664K, 100% used [0x00000000e0000000,0x00000000ead80000,0x00000000ead80000)
  from space 36864K, 77% used [0x00000000ed580000,0x00000000ef155da0,0x00000000ef980000)
  to   space 38912K, 0% used [0x00000000ead80000,0x00000000ead80000,0x00000000ed380000)
 ParOldGen       total 282624K, used 60981K [0x00000000a0000000, 0x00000000b1400000, 0x00000000e0000000)
  object space 282624K, 21% used [0x00000000a0000000,0x00000000a3b8d650,0x00000000b1400000)
 Metaspace       used 76020K, capacity 79612K, committed 79960K, reserved 1118208K
  class space    used 10026K, capacity 10770K, committed 10880K, reserved 1048576K
Event: 250.061 GC heap after
Heap after GC invocations=18 (full 3):
 PSYoungGen      total 216576K, used 34654K [0x00000000e0000000, 0x00000000f0f80000, 0x0000000100000000)
  eden space 177664K, 0% used [0x00000000e0000000,0x00000000e0000000,0x00000000ead80000)
  from space 38912K, 89% used [0x00000000ead80000,0x00000000ecf57a20,0x00000000ed380000)
  to   space 43008K, 0% used [0x00000000ee580000,0x00000000ee580000,0x00000000f0f80000)
 ParOldGen       total 282624K, used 60989K [0x00000000a0000000, 0x00000000b1400000, 0x00000000e0000000)
  object space 282624K, 21% used [0x00000000a0000000,0x00000000a3b8f650,0x00000000b1400000)
 Metaspace       used 76020K, capacity 79612K, committed 79960K, reserved 1118208K
  class space    used 10026K, capacity 10770K, committed 10880K, reserved 1048576K
}
Event: 349.689 GC heap before
{Heap before GC invocations=19 (full 3):
 PSYoungGen      total 216576K, used 212318K [0x00000000e0000000, 0x00000000f0f80000, 0x0000000100000000)
  eden space 177664K, 100% used [0x00000000e0000000,0x00000000ead80000,0x00000000ead80000)
  from space 38912K, 89% used [0x00000000ead80000,0x00000000ecf57a20,0x00000000ed380000)
  to   space 43008K, 0% used [0x00000000ee580000,0x00000000ee580000,0x00000000f0f80000)
 ParOldGen       total 282624K, used 60989K [0x00000000a0000000, 0x00000000b1400000, 0x00000000e0000000)
  object space 282624K, 21% used [0x00000000a0000000,0x00000000a3b8f650,0x00000000b1400000)
 Metaspace       used 76607K, capacity 80330K, committed 80472K, reserved 1118208K
  class space    used 10086K, capacity 10845K, committed 10880K, reserved 1048576K
Event: 349.742 GC heap after
Heap after GC invocations=19 (full 3):
 PSYoungGen      total 231936K, used 34798K [0x00000000e0000000, 0x00000000f1300000, 0x0000000100000000)
  eden space 188928K, 0% used [0x00000000e0000000,0x00000000e0000000,0x00000000eb880000)
  from space 43008K, 80% used [0x00000000ee580000,0x00000000f077ba30,0x00000000f0f80000)
  to   space 46080K, 0% used [0x00000000eb880000,0x00000000eb880000,0x00000000ee580000)
 ParOldGen       total 282624K, used 60997K [0x00000000a0000000, 0x00000000b1400000, 0x00000000e0000000)
  object space 282624K, 21% used [0x00000000a0000000,0x00000000a3b91650,0x00000000b1400000)
 Metaspace       used 76607K, capacity 80330K, committed 80472K, reserved 1118208K
  class space    used 10086K, capacity 10845K, committed 10880K, reserved 1048576K
}
Event: 353.781 GC heap before
{Heap before GC invocations=20 (full 3):
 PSYoungGen      total 231936K, used 223725K [0x00000000e0000000, 0x00000000f1300000, 0x0000000100000000)
  eden space 188928K, 99% used [0x00000000e0000000,0x00000000eb87fd98,0x00000000eb880000)
  from space 43008K, 80% used [0x00000000ee580000,0x00000000f077ba30,0x00000000f0f80000)
  to   space 46080K, 0% used [0x00000000eb880000,0x00000000eb880000,0x00000000ee580000)
 ParOldGen       total 282624K, used 60997K [0x00000000a0000000, 0x00000000b1400000, 0x00000000e0000000)
  object space 282624K, 21% used [0x00000000a0000000,0x00000000a3b91650,0x00000000b1400000)
 Metaspace       used 78443K, capacity 82212K, committed 82520K, reserved 1120256K
  class space    used 10261K, capacity 11030K, committed 11136K, reserved 1048576K
Event: 353.823 GC heap after
Heap after GC invocations=20 (full 3):
 PSYoungGen      total 235008K, used 38488K [0x00000000e0000000, 0x00000000f2400000, 0x0000000100000000)
  eden space 188928K, 0% used [0x00000000e0000000,0x00000000e0000000,0x00000000eb880000)
  from space 46080K, 83% used [0x00000000eb880000,0x00000000ede163a0,0x00000000ee580000)
  to   space 50176K, 0% used [0x00000000ef300000,0x00000000ef300000,0x00000000f2400000)
 ParOldGen       total 282624K, used 61005K [0x00000000a0000000, 0x00000000b1400000, 0x00000000e0000000)
  object space 282624K, 21% used [0x00000000a0000000,0x00000000a3b93650,0x00000000b1400000)
 Metaspace       used 78443K, capacity 82212K, committed 82520K, reserved 1120256K
  class space    used 10261K, capacity 11030K, committed 11136K, reserved 1048576K
}
Event: 357.453 GC heap before
{Heap before GC invocations=21 (full 3):
 PSYoungGen      total 235008K, used 227392K [0x00000000e0000000, 0x00000000f2400000, 0x0000000100000000)
  eden space 188928K, 99% used [0x00000000e0000000,0x00000000eb879db8,0x00000000eb880000)
  from space 46080K, 83% used [0x00000000eb880000,0x00000000ede163a0,0x00000000ee580000)
  to   space 50176K, 0% used [0x00000000ef300000,0x00000000ef300000,0x00000000f2400000)
 ParOldGen       total 282624K, used 61005K [0x00000000a0000000, 0x00000000b1400000, 0x00000000e0000000)
  object space 282624K, 21% used [0x00000000a0000000,0x00000000a3b93650,0x00000000b1400000)
 Metaspace       used 83491K, capacity 87568K, committed 87640K, reserved 1124352K
  class space    used 11019K, capacity 11844K, committed 11904K, reserved 1048576K
Event: 357.588 GC heap after
Heap after GC invocations=21 (full 3):
 PSYoungGen      total 229888K, used 50168K [0x00000000e0000000, 0x00000000f5100000, 0x0000000100000000)
  eden space 179712K, 0% used [0x00000000e0000000,0x00000000e0000000,0x00000000eaf80000)
  from space 50176K, 99% used [0x00000000ef300000,0x00000000f23fe288,0x00000000f2400000)
  to   space 69120K, 0% used [0x00000000eaf80000,0x00000000eaf80000,0x00000000ef300000)
 ParOldGen       total 282624K, used 92272K [0x00000000a0000000, 0x00000000b1400000, 0x00000000e0000000)
  object space 282624K, 32% used [0x00000000a0000000,0x00000000a5a1c380,0x00000000b1400000)
 Metaspace       used 83491K, capacity 87568K, committed 87640K, reserved 1124352K
  class space    used 11019K, capacity 11844K, committed 11904K, reserved 1048576K
}

