# JRE version: OpenJDK Runtime Environment (8.0_202-b03) (build 1.8.0_202-release-1483-b03)
# Java VM: OpenJDK 64-Bit Server VM (25.202-b03 mixed mode windows-amd64 compressed oops)
Heap:
 PSYoungGen      total 457216K, used 186093K [0x00000000e0000000, 0x00000000ff880000, 0x0000000100000000)
  eden space 408064K, 45% used [0x00000000e0000000,0x00000000eb5bb638,0x00000000f8e80000)
  from space 49152K, 0% used [0x00000000fc880000,0x00000000fc880000,0x00000000ff880000)
  to   space 54272K, 0% used [0x00000000f8e80000,0x00000000f8e80000,0x00000000fc380000)
 ParOldGen       total 393216K, used 45429K [0x00000000a0000000, 0x00000000b8000000, 0x00000000e0000000)
  object space 393216K, 11% used [0x00000000a0000000,0x00000000a2c5d5a8,0x00000000b8000000)
 Metaspace       used 91285K, capacity 94832K, committed 99928K, reserved 1136640K
  class space    used 11793K, capacity 12462K, committed 13400K, reserved 1048576K
GC Heap History (10 events):
Event: 275.450 GC heap before
{Heap before GC invocations=37 (full 3):
 PSYoungGen      total 445952K, used 445504K [0x00000000e0000000, 0x0000000100000000, 0x0000000100000000)
  eden space 440320K, 100% used [0x00000000e0000000,0x00000000fae00000,0x00000000fae00000)
  from space 5632K, 92% used [0x00000000fae00000,0x00000000fb310020,0x00000000fb380000)
  to   space 42496K, 0% used [0x00000000fd680000,0x00000000fd680000,0x0000000100000000)
 ParOldGen       total 263680K, used 188386K [0x00000000a0000000, 0x00000000b0180000, 0x00000000e0000000)
  object space 263680K, 71% used [0x00000000a0000000,0x00000000ab7f8898,0x00000000b0180000)
 Metaspace       used 85691K, capacity 89344K, committed 89432K, reserved 1126400K
  class space    used 11136K, capacity 11840K, committed 11864K, reserved 1048576K
Event: 275.647 GC heap after
Heap after GC invocations=37 (full 3):
 PSYoungGen      total 448000K, used 42483K [0x00000000e0000000, 0x0000000100000000, 0x0000000100000000)
  eden space 405504K, 0% used [0x00000000e0000000,0x00000000e0000000,0x00000000f8c00000)
  from space 42496K, 99% used [0x00000000fd680000,0x00000000ffffce48,0x0000000100000000)
  to   space 59392K, 0% used [0x00000000f8c00000,0x00000000f8c00000,0x00000000fc600000)
 ParOldGen       total 263680K, used 216875K [0x00000000a0000000, 0x00000000b0180000, 0x00000000e0000000)
  object space 263680K, 82% used [0x00000000a0000000,0x00000000ad3cad88,0x00000000b0180000)
 Metaspace       used 85691K, capacity 89344K, committed 89432K, reserved 1126400K
  class space    used 11136K, capacity 11840K, committed 11864K, reserved 1048576K
}
Event: 538.805 GC heap before
{Heap before GC invocations=38 (full 3):
 PSYoungGen      total 448000K, used 447987K [0x00000000e0000000, 0x0000000100000000, 0x0000000100000000)
  eden space 405504K, 100% used [0x00000000e0000000,0x00000000f8c00000,0x00000000f8c00000)
  from space 42496K, 99% used [0x00000000fd680000,0x00000000ffffce48,0x0000000100000000)
  to   space 59392K, 0% used [0x00000000f8c00000,0x00000000f8c00000,0x00000000fc600000)
 ParOldGen       total 263680K, used 216875K [0x00000000a0000000, 0x00000000b0180000, 0x00000000e0000000)
  object space 263680K, 82% used [0x00000000a0000000,0x00000000ad3cad88,0x00000000b0180000)
 Metaspace       used 91732K, capacity 96136K, committed 96344K, reserved 1132544K
  class space    used 12069K, capacity 12864K, committed 12888K, reserved 1048576K
Event: 538.906 GC heap after
Heap after GC invocations=38 (full 3):
 PSYoungGen      total 464896K, used 19552K [0x00000000e0000000, 0x0000000100000000, 0x0000000100000000)
  eden space 405504K, 0% used [0x00000000e0000000,0x00000000e0000000,0x00000000f8c00000)
  from space 59392K, 32% used [0x00000000f8c00000,0x00000000f9f18040,0x00000000fc600000)
  to   space 56832K, 0% used [0x00000000fc880000,0x00000000fc880000,0x0000000100000000)
 ParOldGen       total 263680K, used 237478K [0x00000000a0000000, 0x00000000b0180000, 0x00000000e0000000)
  object space 263680K, 90% used [0x00000000a0000000,0x00000000ae7e98b8,0x00000000b0180000)
 Metaspace       used 91732K, capacity 96136K, committed 96344K, reserved 1132544K
  class space    used 12069K, capacity 12864K, committed 12888K, reserved 1048576K
}
Event: 538.906 GC heap before
{Heap before GC invocations=39 (full 4):
 PSYoungGen      total 464896K, used 19552K [0x00000000e0000000, 0x0000000100000000, 0x0000000100000000)
  eden space 405504K, 0% used [0x00000000e0000000,0x00000000e0000000,0x00000000f8c00000)
  from space 59392K, 32% used [0x00000000f8c00000,0x00000000f9f18040,0x00000000fc600000)
  to   space 56832K, 0% used [0x00000000fc880000,0x00000000fc880000,0x0000000100000000)
 ParOldGen       total 263680K, used 237478K [0x00000000a0000000, 0x00000000b0180000, 0x00000000e0000000)
  object space 263680K, 90% used [0x00000000a0000000,0x00000000ae7e98b8,0x00000000b0180000)
 Metaspace       used 91732K, capacity 96136K, committed 96344K, reserved 1132544K
  class space    used 12069K, capacity 12864K, committed 12888K, reserved 1048576K
Event: 539.248 GC heap after
Heap after GC invocations=39 (full 4):
 PSYoungGen      total 464896K, used 0K [0x00000000e0000000, 0x0000000100000000, 0x0000000100000000)
  eden space 405504K, 0% used [0x00000000e0000000,0x00000000e0000000,0x00000000f8c00000)
  from space 59392K, 0% used [0x00000000f8c00000,0x00000000f8c00000,0x00000000fc600000)
  to   space 56832K, 0% used [0x00000000fc880000,0x00000000fc880000,0x0000000100000000)
 ParOldGen       total 393216K, used 82503K [0x00000000a0000000, 0x00000000b8000000, 0x00000000e0000000)
  object space 393216K, 20% used [0x00000000a0000000,0x00000000a5091e68,0x00000000b8000000)
 Metaspace       used 91547K, capacity 95628K, committed 96344K, reserved 1132544K
  class space    used 12007K, capacity 12754K, committed 12888K, reserved 1048576K
}
Event: 4139.247 GC heap before
{Heap before GC invocations=40 (full 4):
 PSYoungGen      total 464896K, used 365797K [0x00000000e0000000, 0x0000000100000000, 0x0000000100000000)
  eden space 405504K, 90% used [0x00000000e0000000,0x00000000f6539518,0x00000000f8c00000)
  from space 59392K, 0% used [0x00000000f8c00000,0x00000000f8c00000,0x00000000fc600000)
  to   space 56832K, 0% used [0x00000000fc880000,0x00000000fc880000,0x0000000100000000)
 ParOldGen       total 393216K, used 82503K [0x00000000a0000000, 0x00000000b8000000, 0x00000000e0000000)
  object space 393216K, 20% used [0x00000000a0000000,0x00000000a5091e68,0x00000000b8000000)
 Metaspace       used 94833K, capacity 99702K, committed 99928K, reserved 1136640K
  class space    used 12457K, capacity 13390K, committed 13400K, reserved 1048576K
Event: 4139.321 GC heap after
Heap after GC invocations=40 (full 4):
 PSYoungGen      total 457216K, used 19020K [0x00000000e0000000, 0x00000000ff880000, 0x0000000100000000)
  eden space 408064K, 0% used [0x00000000e0000000,0x00000000e0000000,0x00000000f8e80000)
  from space 49152K, 38% used [0x00000000fc880000,0x00000000fdb132d8,0x00000000ff880000)
  to   space 54272K, 0% used [0x00000000f8e80000,0x00000000f8e80000,0x00000000fc380000)
 ParOldGen       total 393216K, used 82511K [0x00000000a0000000, 0x00000000b8000000, 0x00000000e0000000)
  object space 393216K, 20% used [0x00000000a0000000,0x00000000a5093e68,0x00000000b8000000)
 Metaspace       used 94833K, capacity 99702K, committed 99928K, reserved 1136640K
  class space    used 12457K, capacity 13390K, committed 13400K, reserved 1048576K
}
Event: 4139.321 GC heap before
{Heap before GC invocations=41 (full 5):
 PSYoungGen      total 457216K, used 19020K [0x00000000e0000000, 0x00000000ff880000, 0x0000000100000000)
  eden space 408064K, 0% used [0x00000000e0000000,0x00000000e0000000,0x00000000f8e80000)
  from space 49152K, 38% used [0x00000000fc880000,0x00000000fdb132d8,0x00000000ff880000)
  to   space 54272K, 0% used [0x00000000f8e80000,0x00000000f8e80000,0x00000000fc380000)
 ParOldGen       total 393216K, used 82511K [0x00000000a0000000, 0x00000000b8000000, 0x00000000e0000000)
  object space 393216K, 20% used [0x00000000a0000000,0x00000000a5093e68,0x00000000b8000000)
 Metaspace       used 94833K, capacity 99702K, committed 99928K, reserved 1136640K
  class space    used 12457K, capacity 13390K, committed 13400K, reserved 1048576K
Event: 4139.721 GC heap after
Heap after GC invocations=41 (full 5):
 PSYoungGen      total 457216K, used 0K [0x00000000e0000000, 0x00000000ff880000, 0x0000000100000000)
  eden space 408064K, 0% used [0x00000000e0000000,0x00000000e0000000,0x00000000f8e80000)
  from space 49152K, 0% used [0x00000000fc880000,0x00000000fc880000,0x00000000ff880000)
  to   space 54272K, 0% used [0x00000000f8e80000,0x00000000f8e80000,0x00000000fc380000)
 ParOldGen       total 393216K, used 45429K [0x00000000a0000000, 0x00000000b8000000, 0x00000000e0000000)
  object space 393216K, 11% used [0x00000000a0000000,0x00000000a2c5d5a8,0x00000000b8000000)
 Metaspace       used 90717K, capacity 93970K, committed 99928K, reserved 1136640K
  class space    used 11706K, capacity 12310K, committed 13400K, reserved 1048576K
}

