# JRE version: OpenJDK Runtime Environment (8.0_202-b03) (build 1.8.0_202-release-1483-b03)
# Java VM: OpenJDK 64-Bit Server VM (25.202-b03 mixed mode windows-amd64 compressed oops)
Heap:
 PSYoungGen      total 214528K, used 176906K [0x00000000e0000000, 0x00000000f0a00000, 0x0000000100000000)
  eden space 172544K, 86% used [0x00000000e0000000,0x00000000e9182b58,0x00000000ea880000)
  from space 41984K, 66% used [0x00000000ea880000,0x00000000ec3c0060,0x00000000ed180000)
  to   space 43520K, 0% used [0x00000000edf80000,0x00000000edf80000,0x00000000f0a00000)
 ParOldGen       total 424448K, used 63090K [0x00000000a0000000, 0x00000000b9e80000, 0x00000000e0000000)
  object space 424448K, 14% used [0x00000000a0000000,0x00000000a3d9c918,0x00000000b9e80000)
 Metaspace       used 100984K, capacity 106088K, committed 106328K, reserved 1140736K
  class space    used 13189K, capacity 14182K, committed 14208K, reserved 1048576K
GC Heap History (10 events):
Event: 2404.395 GC heap before
{Heap before GC invocations=23 (full 4):
 PSYoungGen      total 190464K, used 146944K [0x00000000e0000000, 0x00000000efa80000, 0x0000000100000000)
  eden space 146944K, 100% used [0x00000000e0000000,0x00000000e8f80000,0x00000000e8f80000)
  from space 43520K, 0% used [0x00000000ebb80000,0x00000000ebb80000,0x00000000ee600000)
  to   space 45056K, 0% used [0x00000000e8f80000,0x00000000e8f80000,0x00000000ebb80000)
 ParOldGen       total 424448K, used 63058K [0x00000000a0000000, 0x00000000b9e80000, 0x00000000e0000000)
  object space 424448K, 14% used [0x00000000a0000000,0x00000000a3d94918,0x00000000b9e80000)
 Metaspace       used 94692K, capacity 98198K, committed 99008K, reserved 1134592K
  class space    used 12311K, capacity 12985K, committed 13184K, reserved 1048576K
Event: 2404.408 GC heap after
Heap after GC invocations=23 (full 4):
 PSYoungGen      total 192000K, used 7024K [0x00000000e0000000, 0x00000000ef900000, 0x0000000100000000)
  eden space 146944K, 0% used [0x00000000e0000000,0x00000000e0000000,0x00000000e8f80000)
  from space 45056K, 15% used [0x00000000e8f80000,0x00000000e965c030,0x00000000ebb80000)
  to   space 45056K, 0% used [0x00000000ecd00000,0x00000000ecd00000,0x00000000ef900000)
 ParOldGen       total 424448K, used 63066K [0x00000000a0000000, 0x00000000b9e80000, 0x00000000e0000000)
  object space 424448K, 14% used [0x00000000a0000000,0x00000000a3d96918,0x00000000b9e80000)
 Metaspace       used 94692K, capacity 98198K, committed 99008K, reserved 1134592K
  class space    used 12311K, capacity 12985K, committed 13184K, reserved 1048576K
}
Event: 2545.623 GC heap before
{Heap before GC invocations=24 (full 4):
 PSYoungGen      total 192000K, used 153968K [0x00000000e0000000, 0x00000000ef900000, 0x0000000100000000)
  eden space 146944K, 100% used [0x00000000e0000000,0x00000000e8f80000,0x00000000e8f80000)
  from space 45056K, 15% used [0x00000000e8f80000,0x00000000e965c030,0x00000000ebb80000)
  to   space 45056K, 0% used [0x00000000ecd00000,0x00000000ecd00000,0x00000000ef900000)
 ParOldGen       total 424448K, used 63066K [0x00000000a0000000, 0x00000000b9e80000, 0x00000000e0000000)
  object space 424448K, 14% used [0x00000000a0000000,0x00000000a3d96918,0x00000000b9e80000)
 Metaspace       used 94930K, capacity 98580K, committed 99288K, reserved 1134592K
  class space    used 12327K, capacity 13066K, committed 13312K, reserved 1048576K
Event: 2545.631 GC heap after
Heap after GC invocations=24 (full 4):
 PSYoungGen      total 203776K, used 2976K [0x00000000e0000000, 0x00000000ef680000, 0x0000000100000000)
  eden space 161280K, 0% used [0x00000000e0000000,0x00000000e0000000,0x00000000e9d80000)
  from space 42496K, 7% used [0x00000000ecd00000,0x00000000ecfe8000,0x00000000ef680000)
  to   space 45568K, 0% used [0x00000000e9d80000,0x00000000e9d80000,0x00000000eca00000)
 ParOldGen       total 424448K, used 63066K [0x00000000a0000000, 0x00000000b9e80000, 0x00000000e0000000)
  object space 424448K, 14% used [0x00000000a0000000,0x00000000a3d96918,0x00000000b9e80000)
 Metaspace       used 94930K, capacity 98580K, committed 99288K, reserved 1134592K
  class space    used 12327K, capacity 13066K, committed 13312K, reserved 1048576K
}
Event: 2549.867 GC heap before
{Heap before GC invocations=25 (full 4):
 PSYoungGen      total 203776K, used 164174K [0x00000000e0000000, 0x00000000ef680000, 0x0000000100000000)
  eden space 161280K, 99% used [0x00000000e0000000,0x00000000e9d6bab0,0x00000000e9d80000)
  from space 42496K, 7% used [0x00000000ecd00000,0x00000000ecfe8000,0x00000000ef680000)
  to   space 45568K, 0% used [0x00000000e9d80000,0x00000000e9d80000,0x00000000eca00000)
 ParOldGen       total 424448K, used 63066K [0x00000000a0000000, 0x00000000b9e80000, 0x00000000e0000000)
  object space 424448K, 14% used [0x00000000a0000000,0x00000000a3d96918,0x00000000b9e80000)
 Metaspace       used 95228K, capacity 98882K, committed 99544K, reserved 1136640K
  class space    used 12329K, capacity 13069K, committed 13312K, reserved 1048576K
Event: 2549.886 GC heap after
Heap after GC invocations=25 (full 4):
 PSYoungGen      total 206848K, used 11350K [0x00000000e0000000, 0x00000000f0180000, 0x0000000100000000)
  eden space 161280K, 0% used [0x00000000e0000000,0x00000000e0000000,0x00000000e9d80000)
  from space 45568K, 24% used [0x00000000e9d80000,0x00000000ea895b18,0x00000000eca00000)
  to   space 44032K, 0% used [0x00000000ed680000,0x00000000ed680000,0x00000000f0180000)
 ParOldGen       total 424448K, used 63074K [0x00000000a0000000, 0x00000000b9e80000, 0x00000000e0000000)
  object space 424448K, 14% used [0x00000000a0000000,0x00000000a3d98918,0x00000000b9e80000)
 Metaspace       used 95228K, capacity 98882K, committed 99544K, reserved 1136640K
  class space    used 12329K, capacity 13069K, committed 13312K, reserved 1048576K
}
Event: 2801.427 GC heap before
{Heap before GC invocations=26 (full 4):
 PSYoungGen      total 206848K, used 172630K [0x00000000e0000000, 0x00000000f0180000, 0x0000000100000000)
  eden space 161280K, 100% used [0x00000000e0000000,0x00000000e9d80000,0x00000000e9d80000)
  from space 45568K, 24% used [0x00000000e9d80000,0x00000000ea895b18,0x00000000eca00000)
  to   space 44032K, 0% used [0x00000000ed680000,0x00000000ed680000,0x00000000f0180000)
 ParOldGen       total 424448K, used 63074K [0x00000000a0000000, 0x00000000b9e80000, 0x00000000e0000000)
  object space 424448K, 14% used [0x00000000a0000000,0x00000000a3d98918,0x00000000b9e80000)
 Metaspace       used 97843K, capacity 101864K, committed 102232K, reserved 1138688K
  class space    used 12733K, capacity 13527K, committed 13696K, reserved 1048576K
Event: 2801.473 GC heap after
Heap after GC invocations=26 (full 4):
 PSYoungGen      total 209408K, used 14844K [0x00000000e0000000, 0x00000000efa80000, 0x0000000100000000)
  eden space 172544K, 0% used [0x00000000e0000000,0x00000000e0000000,0x00000000ea880000)
  from space 36864K, 40% used [0x00000000ed680000,0x00000000ee4ff3d0,0x00000000efa80000)
  to   space 41984K, 0% used [0x00000000ea880000,0x00000000ea880000,0x00000000ed180000)
 ParOldGen       total 424448K, used 63082K [0x00000000a0000000, 0x00000000b9e80000, 0x00000000e0000000)
  object space 424448K, 14% used [0x00000000a0000000,0x00000000a3d9a918,0x00000000b9e80000)
 Metaspace       used 97843K, capacity 101864K, committed 102232K, reserved 1138688K
  class space    used 12733K, capacity 13527K, committed 13696K, reserved 1048576K
}
Event: 2806.655 GC heap before
{Heap before GC invocations=27 (full 4):
 PSYoungGen      total 209408K, used 187388K [0x00000000e0000000, 0x00000000efa80000, 0x0000000100000000)
  eden space 172544K, 100% used [0x00000000e0000000,0x00000000ea880000,0x00000000ea880000)
  from space 36864K, 40% used [0x00000000ed680000,0x00000000ee4ff3d0,0x00000000efa80000)
  to   space 41984K, 0% used [0x00000000ea880000,0x00000000ea880000,0x00000000ed180000)
 ParOldGen       total 424448K, used 63082K [0x00000000a0000000, 0x00000000b9e80000, 0x00000000e0000000)
  object space 424448K, 14% used [0x00000000a0000000,0x00000000a3d9a918,0x00000000b9e80000)
 Metaspace       used 99611K, capacity 104186K, committed 104280K, reserved 1140736K
  class space    used 12992K, capacity 13920K, committed 13952K, reserved 1048576K
Event: 2806.690 GC heap after
Heap after GC invocations=27 (full 4):
 PSYoungGen      total 214528K, used 27904K [0x00000000e0000000, 0x00000000f0a00000, 0x0000000100000000)
  eden space 172544K, 0% used [0x00000000e0000000,0x00000000e0000000,0x00000000ea880000)
  from space 41984K, 66% used [0x00000000ea880000,0x00000000ec3c0060,0x00000000ed180000)
  to   space 43520K, 0% used [0x00000000edf80000,0x00000000edf80000,0x00000000f0a00000)
 ParOldGen       total 424448K, used 63090K [0x00000000a0000000, 0x00000000b9e80000, 0x00000000e0000000)
  object space 424448K, 14% used [0x00000000a0000000,0x00000000a3d9c918,0x00000000b9e80000)
 Metaspace       used 99611K, capacity 104186K, committed 104280K, reserved 1140736K
  class space    used 12992K, capacity 13920K, committed 13952K, reserved 1048576K
}

